<?xml version="1.0" encoding="UTF-8"?>
<!-- Generated by org.testng.reporters.JUnitReportReporter -->
<testsuite hostname="DESKTOP-QPOHFS9" failures="0" tests="1" name="com.actiTime.script.LoginTest" time="1.784" errors="0" timestamp="2023-12-22T11:46:00 IST" skipped="0">
  <testcase classname="com.actiTime.script.LoginTest" name="testLogin" time="1.784">
    <system-out>
      <![CDATA[login is completed ]]>
    </system-out>
  </testcase> <!-- testLogin -->
  <system-out>
    <![CDATA[login is completed ]]>
  </system-out>
</testsuite> <!-- com.actiTime.script.LoginTest -->
